\BOOKMARK [1][-]{section.1}{\376\377\127\372\147\054\130\360\146\016}{}% 1
\BOOKMARK [1][-]{section.2}{\376\377\000D\000P\225\356\230\230\166\204\127\372\147\054\145\271\154\325}{}% 2
\BOOKMARK [2][-]{subsection.2.1}{\376\377\000D\000P\151\202\137\365}{section.2}% 3
\BOOKMARK [2][-]{subsection.2.2}{\376\377\122\250\140\001\211\304\122\022\173\227\154\325\166\204\133\236\163\260\153\145\232\244}{section.2}% 4
\BOOKMARK [1][-]{section.3}{\376\377\147\000\225\177\123\125\214\003\220\022\130\236\133\120\136\217\122\027}{}% 5
\BOOKMARK [2][-]{subsection.3.1}{\376\377\230\230\166\356\143\317\217\360}{section.3}% 6
\BOOKMARK [2][-]{subsection.3.2}{\376\377\213\325\230\230\122\006\147\220}{section.3}% 7
\BOOKMARK [2][-]{subsection.3.3}{\376\377\173\227\154\325\133\236\163\260}{section.3}% 8
\BOOKMARK [1][-]{section.4}{\376\377\177\026\217\221\215\335\171\273\225\356\230\230}{}% 9
\BOOKMARK [2][-]{subsection.4.1}{\376\377\225\356\230\230\143\317\217\360}{section.4}% 10
\BOOKMARK [2][-]{subsection.4.2}{\376\377\145\160\143\156\217\223\121\145\116\016\176\323\147\234\217\223\121\372}{section.4}% 11
\BOOKMARK [2][-]{subsection.4.3}{\376\377\173\227\154\325\122\006\147\220\116\016\213\276\213\241}{section.4}% 12
\BOOKMARK [2][-]{subsection.4.4}{\376\377\116\343\170\001\133\236\163\260}{section.4}% 13
\BOOKMARK [2][-]{subsection.4.5}{\376\377\217\320\210\114\176\323\147\234}{section.4}% 14
\BOOKMARK [1][-]{section.5}{\376\377\145\160\133\127\116\011\211\322\137\142\225\356\230\230}{}% 15
\BOOKMARK [2][-]{subsection.5.1}{\376\377\225\356\230\230\143\317\217\360}{section.5}% 16
\BOOKMARK [2][-]{subsection.5.2}{\376\377\145\160\143\156\217\223\121\145\116\016\176\323\147\234\217\223\121\372}{section.5}% 17
\BOOKMARK [2][-]{subsection.5.3}{\376\377\173\227\154\325\122\006\147\220\116\016\213\276\213\241}{section.5}% 18
\BOOKMARK [2][-]{subsection.5.4}{\376\377\116\343\170\001\133\236\163\260}{section.5}% 19
\BOOKMARK [2][-]{subsection.5.5}{\376\377\123\315\140\035\140\073\176\323}{section.5}% 20
\BOOKMARK [1][-]{section.6}{\376\377\154\175\217\146\122\240\154\271\210\114\232\166\225\356\230\230}{}% 21
\BOOKMARK [2][-]{subsection.6.1}{\376\377\225\356\230\230\143\317\217\360}{section.6}% 22
\BOOKMARK [2][-]{subsection.6.2}{\376\377\173\227\154\325\213\276\213\241}{section.6}% 23
\BOOKMARK [2][-]{subsection.6.3}{\376\377\217\223\121\145\116\016\217\223\121\372}{section.6}% 24
\BOOKMARK [2][-]{subsection.6.4}{\376\377\173\227\154\325\122\006\147\220}{section.6}% 25
\BOOKMARK [2][-]{subsection.6.5}{\376\377\172\013\136\217\133\236\163\260}{section.6}% 26
\BOOKMARK [2][-]{subsection.6.6}{\376\377\176\323\147\234\171\072\117\213}{section.6}% 27
\BOOKMARK [1][-]{section.7}{\376\377\147\000\134\021\215\071\165\050\215\055\162\151\225\356\230\230}{}% 28
\BOOKMARK [2][-]{subsection.7.1}{\376\377\116\140\230\230\143\317\217\360}{section.7}% 29
\BOOKMARK [2][-]{subsection.7.2}{\376\377\173\227\154\325\213\276\213\241}{section.7}% 30
\BOOKMARK [2][-]{subsection.7.3}{\376\377\145\160\143\156\217\223\121\145}{section.7}% 31
\BOOKMARK [2][-]{subsection.7.4}{\376\377\145\160\143\156\217\223\121\372}{section.7}% 32
\BOOKMARK [2][-]{subsection.7.5}{\376\377\122\006\147\220}{section.7}% 33
\BOOKMARK [2][-]{subsection.7.6}{\376\377\116\343\170\001\133\236\163\260}{section.7}% 34
\BOOKMARK [2][-]{subsection.7.7}{\376\377\150\067\117\213\155\113\213\325}{section.7}% 35
\BOOKMARK [1][-]{section.8}{\376\377\145\066\226\306\150\067\147\054\225\356\230\230}{}% 36
\BOOKMARK [2][-]{subsection.8.1}{\376\377\116\140\230\230\143\317\217\360}{section.8}% 37
\BOOKMARK [2][-]{subsection.8.2}{\376\377\173\227\154\325\213\276\213\241}{section.8}% 38
\BOOKMARK [2][-]{subsection.8.3}{\376\377\145\160\143\156\217\223\121\145}{section.8}% 39
\BOOKMARK [2][-]{subsection.8.4}{\376\377\145\160\143\156\217\223\121\372}{section.8}% 40
\BOOKMARK [2][-]{subsection.8.5}{\376\377\116\343\170\001\133\236\163\260}{section.8}% 41
\BOOKMARK [2][-]{subsection.8.6}{\376\377\150\067\117\213\155\113\213\325}{section.8}% 42
\BOOKMARK [1][-]{section.9}{\376\377\123\302\200\003\215\104\145\231}{}% 43
