\BOOKMARK [1][-]{section.1}{\376\377\215\052\137\303\173\227\154\325\166\370\121\163\151\202\137\365}{}% 1
\BOOKMARK [1][-]{section.2}{\376\377\215\052\137\303\173\227\154\325\127\372\147\054\211\201\175\040}{}% 2
\BOOKMARK [1][-]{section.3}{\376\377\215\052\137\303\173\227\154\325\116\016\122\250\140\001\211\304\122\022\166\204\123\072\122\053}{}% 3
\BOOKMARK [1][-]{section.4}{\376\377\124\310\131\053\146\374\177\026\170\001\225\356\230\230}{}% 4
\BOOKMARK [2][-]{subsection.4.1}{\376\377\213\325\230\230\143\317\217\360}{section.4}% 5
\BOOKMARK [2][-]{subsection.4.2}{\376\377\230\230\166\356\122\006\147\220\116\016\154\102\211\343}{section.4}% 6
\BOOKMARK [1][-]{section.5}{\376\377\170\301\166\330\145\207\116\366\147\000\117\030\133\130\120\250\225\356\230\230}{}% 7
\BOOKMARK [2][-]{subsection.5.1}{\376\377\213\325\230\230\143\317\217\360}{section.5}% 8
\BOOKMARK [2][-]{subsection.5.2}{\376\377\173\227\154\325\213\276\213\241}{section.5}% 9
\BOOKMARK [2][-]{subsection.5.3}{\376\377\145\160\143\156\217\223\121\145}{section.5}% 10
\BOOKMARK [2][-]{subsection.5.4}{\376\377\145\160\143\156\217\223\121\372}{section.5}% 11
\BOOKMARK [2][-]{subsection.5.5}{\376\377\225\356\230\230\122\006\147\220}{section.5}% 12
\BOOKMARK [2][-]{subsection.5.6}{\376\377\172\013\136\217\116\343\170\001}{section.5}% 13
\BOOKMARK [2][-]{subsection.5.7}{\376\377\150\067\117\213\217\320\210\114}{section.5}% 14
\BOOKMARK [1][-]{section.6}{\376\377\172\013\136\217\133\130\120\250\225\356\230\230}{}% 15
\BOOKMARK [2][-]{subsection.6.1}{\376\377\213\325\230\230\143\317\217\360}{section.6}% 16
\BOOKMARK [2][-]{subsection.6.2}{\376\377\173\227\154\325\213\276\213\241}{section.6}% 17
\BOOKMARK [2][-]{subsection.6.3}{\376\377\145\160\143\156\217\223\121\145}{section.6}% 18
\BOOKMARK [2][-]{subsection.6.4}{\376\377\145\160\143\156\217\223\121\372}{section.6}% 19
\BOOKMARK [2][-]{subsection.6.5}{\376\377\225\356\230\230\122\006\147\220}{section.6}% 20
\BOOKMARK [2][-]{subsection.6.6}{\376\377\172\013\136\217\116\343\170\001}{section.6}% 21
\BOOKMARK [2][-]{subsection.6.7}{\376\377\150\067\117\213\217\320\210\114}{section.6}% 22
\BOOKMARK [1][-]{section.7}{\376\377\147\000\117\030\147\015\122\241\153\041\136\217\225\356\230\230}{}% 23
\BOOKMARK [2][-]{subsection.7.1}{\376\377\213\325\230\230\143\317\217\360}{section.7}% 24
\BOOKMARK [2][-]{subsection.7.2}{\376\377\173\227\154\325\213\276\213\241}{section.7}% 25
\BOOKMARK [2][-]{subsection.7.3}{\376\377\145\160\143\156\217\223\121\145}{section.7}% 26
\BOOKMARK [2][-]{subsection.7.4}{\376\377\145\160\143\156\217\223\121\372}{section.7}% 27
\BOOKMARK [2][-]{subsection.7.5}{\376\377\225\356\230\230\122\006\147\220}{section.7}% 28
\BOOKMARK [2][-]{subsection.7.6}{\376\377\172\013\136\217\116\343\170\001}{section.7}% 29
\BOOKMARK [2][-]{subsection.7.7}{\376\377\150\067\117\213\217\320\210\114}{section.7}% 30
\BOOKMARK [1][-]{section.8}{\376\377\154\175\217\146\122\240\154\271\225\356\230\230}{}% 31
\BOOKMARK [2][-]{subsection.8.1}{\376\377\213\325\230\230\143\317\217\360}{section.8}% 32
\BOOKMARK [2][-]{subsection.8.2}{\376\377\173\227\154\325\213\276\213\241}{section.8}% 33
\BOOKMARK [2][-]{subsection.8.3}{\376\377\145\160\143\156\217\223\121\145}{section.8}% 34
\BOOKMARK [2][-]{subsection.8.4}{\376\377\145\160\143\156\217\223\121\372}{section.8}% 35
\BOOKMARK [2][-]{subsection.8.5}{\376\377\225\356\230\230\122\006\147\220}{section.8}% 36
\BOOKMARK [2][-]{subsection.8.6}{\376\377\172\013\136\217\116\343\170\001}{section.8}% 37
\BOOKMARK [2][-]{subsection.8.7}{\376\377\150\067\117\213\217\320\210\114}{section.8}% 38
\BOOKMARK [2][-]{subsection.8.8}{\376\377\173\227\154\325\147\000\117\030\211\343\213\301\146\016}{section.8}% 39
\BOOKMARK [1][-]{section.9}{\376\377\170\301\136\046\147\000\131\047\122\051\165\050\163\207\225\356\230\230}{}% 40
\BOOKMARK [2][-]{subsection.9.1}{\376\377\213\325\230\230\143\317\217\360}{section.9}% 41
\BOOKMARK [2][-]{subsection.9.2}{\376\377\173\227\154\325\213\276\213\241}{section.9}% 42
\BOOKMARK [2][-]{subsection.9.3}{\376\377\145\160\143\156\217\223\121\145}{section.9}% 43
\BOOKMARK [2][-]{subsection.9.4}{\376\377\145\160\143\156\217\223\121\372}{section.9}% 44
\BOOKMARK [2][-]{subsection.9.5}{\376\377\172\013\136\217\116\343\170\001}{section.9}% 45
\BOOKMARK [1][-]{section.10}{\376\377\147\000\117\030\122\006\211\343\225\356\230\230}{}% 46
\BOOKMARK [2][-]{subsection.10.1}{\376\377\213\325\230\230\143\317\217\360}{section.10}% 47
\BOOKMARK [2][-]{subsection.10.2}{\376\377\173\227\154\325\213\276\213\241}{section.10}% 48
\BOOKMARK [2][-]{subsection.10.3}{\376\377\145\160\143\156\217\223\121\145}{section.10}% 49
\BOOKMARK [2][-]{subsection.10.4}{\376\377\145\160\143\156\217\223\121\372}{section.10}% 50
\BOOKMARK [2][-]{subsection.10.5}{\376\377\225\356\230\230\122\006\147\220}{section.10}% 51
\BOOKMARK [2][-]{subsection.10.6}{\376\377\172\013\136\217\116\343\170\001}{section.10}% 52
\BOOKMARK [2][-]{subsection.10.7}{\376\377\150\067\117\213\217\320\210\114}{section.10}% 53
