\BOOKMARK [1][-]{section.1}{\376\377\122\006\145\057\226\120\165\114\154\325\116\016\126\336\156\257\154\325\127\372\147\054\123\072\122\053}{}% 1
\BOOKMARK [2][-]{subsection.1.1}{\376\377\154\102\211\343\166\356\150\007\116\015\124\014}{section.1}% 2
\BOOKMARK [2][-]{subsection.1.2}{\376\377\144\034\175\042\145\271\137\017\116\015\124\014}{section.1}% 3
\BOOKMARK [1][-]{section.2}{\376\377\122\006\145\057\226\120\165\114\154\325\133\236\163\260\145\271\137\017}{}% 4
\BOOKMARK [2][-]{subsection.2.1}{\376\377\226\037\122\027\137\017\122\006\145\057\226\120\165\114\154\325}{section.2}% 5
\BOOKMARK [2][-]{subsection.2.2}{\376\377\117\030\121\110\226\037\122\027\137\017\122\006\145\057\226\120\165\114\154\325}{section.2}% 6
\BOOKMARK [1][-]{section.3}{\376\377\150\010\137\017\122\006\145\057\226\120\165\114\154\325\124\214\126\336\156\257\154\325\166\204\123\072\122\053}{}% 7
\BOOKMARK [2][-]{subsection.3.1}{\376\377\230\230\166\356\143\317\217\360}{section.3}% 8
\BOOKMARK [2][-]{subsection.3.2}{\376\377\230\230\166\356\211\343\173\124}{section.3}% 9
\BOOKMARK [2][-]{subsection.3.3}{\376\377\150\010\137\017\122\006\145\057\226\120\165\114\154\325\116\016\126\336\156\257\154\325\166\204\123\072\122\053}{section.3}% 10
\BOOKMARK [1][-]{section.4}{\376\377\117\356\145\071\000M\000a\000x\000L\000o\000a\000d\000i\000n\000g}{}% 11
\BOOKMARK [2][-]{subsection.4.1}{\376\377\230\230\166\356\143\317\217\360}{section.4}% 12
\BOOKMARK [2][-]{subsection.4.2}{\376\377\230\230\166\356\154\102\211\343}{section.4}% 13
\BOOKMARK [1][-]{section.5}{\376\377\145\305\210\114\125\056\215\047\124\130\122\006\145\057\226\120\165\114\154\325\166\204\117\356\145\071}{}% 14
\BOOKMARK [2][-]{subsection.5.1}{\376\377\230\230\166\356\143\317\217\360}{section.5}% 15
\BOOKMARK [2][-]{subsection.5.2}{\376\377\225\356\230\230\154\102\211\343}{section.5}% 16
\BOOKMARK [1][-]{section.6}{\376\377\145\340\117\030\121\110\176\247\217\320\173\227\225\356\230\230}{}% 17
\BOOKMARK [2][-]{subsection.6.1}{\376\377\225\356\230\230\143\317\217\360}{section.6}% 18
\BOOKMARK [2][-]{subsection.6.2}{\376\377\173\227\154\325\213\276\213\241}{section.6}% 19
\BOOKMARK [2][-]{subsection.6.3}{\376\377\145\160\143\156\217\223\121\145}{section.6}% 20
\BOOKMARK [2][-]{subsection.6.4}{\376\377\176\323\147\234\217\223\121\372}{section.6}% 21
\BOOKMARK [2][-]{subsection.6.5}{\376\377\172\013\136\217\116\343\170\001}{section.6}% 22
\BOOKMARK [2][-]{subsection.6.6}{\376\377\150\067\117\213\217\320\210\114}{section.6}% 23
