\BOOKMARK [1][-]{section.1}{\376\377\133\146\116\140\127\372\147\054\166\356\150\007}{}% 1
\BOOKMARK [1][-]{section.2}{\376\377\226\217\147\072\123\026\173\227\154\325\174\173\127\213}{}% 2
\BOOKMARK [2][-]{subsection.2.1}{\376\377\145\160\133\127\226\217\147\072\173\227\154\325}{section.2}% 3
\BOOKMARK [2][-]{subsection.2.2}{\376\377\204\231\162\171\123\141\155\033\173\227\154\325}{section.2}% 4
\BOOKMARK [2][-]{subsection.2.3}{\376\377\142\311\145\257\176\364\122\240\145\257\173\227\154\325}{section.2}% 5
\BOOKMARK [2][-]{subsection.2.4}{\376\377\202\015\117\015\137\267\173\227\154\325}{section.2}% 6
\BOOKMARK [1][-]{section.3}{\376\377\226\217\147\072\123\026\213\241\173\227}{}% 7
\BOOKMARK [2][-]{subsection.3.1}{\376\377\230\230\166\356\143\317\217\360}{section.3}% 8
\BOOKMARK [2][-]{subsection.3.2}{\376\377\230\230\166\356\211\343\173\124}{section.3}% 9
\BOOKMARK [1][-]{section.4}{\376\377\146\023\232\214\213\301\225\356\230\230\166\204\173\227\154\325}{}% 10
\BOOKMARK [2][-]{subsection.4.1}{\376\377\225\356\230\230\143\317\217\360}{section.4}% 11
\BOOKMARK [2][-]{subsection.4.2}{\376\377\225\356\230\230\211\343\173\124}{section.4}% 12
\BOOKMARK [1][-]{section.5}{\376\377\145\164\145\160\126\340\133\120\122\006\211\343}{}% 13
\BOOKMARK [2][-]{subsection.5.1}{\376\377\230\230\166\356\143\317\217\360}{section.5}% 14
\BOOKMARK [2][-]{subsection.5.2}{\376\377\225\356\230\230\211\343\173\124}{section.5}% 15
\BOOKMARK [1][-]{section.6}{\376\377\173\227\154\325\166\204\153\143\170\156\163\207}{}% 16
\BOOKMARK [2][-]{subsection.6.1}{\376\377\230\230\166\356\143\317\217\360}{section.6}% 17
\BOOKMARK [2][-]{subsection.6.2}{\376\377\225\356\230\230\211\343\173\124}{section.6}% 18
\BOOKMARK [1][-]{section.7}{\376\377\127\372\116\216\204\231\162\171\123\141\155\033\173\227\154\325\213\276\213\241\142\311\145\257\176\364\122\240\145\257\173\227\154\325}{}% 19
\BOOKMARK [2][-]{subsection.7.1}{\376\377\230\230\166\356\143\317\217\360}{section.7}% 20
\BOOKMARK [2][-]{subsection.7.2}{\376\377\230\230\166\356\211\343\173\124}{section.7}% 21
