\BOOKMARK [1][-]{section.1}{\376\377\126\336\156\257\154\325\127\372\147\054\150\106\147\266}{}% 1
\BOOKMARK [2][-]{subsection.1.1}{\376\377\225\356\230\230\166\204\211\343\172\172\225\364}{section.1}% 2
\BOOKMARK [2][-]{subsection.1.2}{\376\377\126\336\156\257\154\325\127\372\147\054\140\035\140\363}{section.1}% 3
\BOOKMARK [2][-]{subsection.1.3}{\376\377\220\022\137\122\126\336\156\257\116\016\217\355\116\343\126\336\156\257}{section.1}% 4
\BOOKMARK [2][-]{subsection.1.4}{\376\377\133\120\226\306\150\021\124\214\143\222\122\027\150\021}{section.1}% 5
\BOOKMARK [1][-]{section.2}{\376\377\126\336\156\257\154\325\145\110\163\207\166\204\117\235\215\126\211\201\175\040}{}% 6
\BOOKMARK [1][-]{section.3}{\376\377\210\305\217\175\225\356\230\230\126\336\156\257\154\325\145\071\217\333}{}% 7
\BOOKMARK [2][-]{subsection.3.1}{\376\377\230\230\166\356\143\317\217\360}{section.3}% 8
\BOOKMARK [2][-]{subsection.3.2}{\376\377\116\343\170\001\133\236\163\260}{section.3}% 9
\BOOKMARK [1][-]{section.4}{\376\377\147\011\124\021\126\376\126\336\156\257\145\271\154\325}{}% 10
\BOOKMARK [2][-]{subsection.4.1}{\376\377\230\230\166\356\143\317\217\360}{section.4}% 11
\BOOKMARK [2][-]{subsection.4.2}{\376\377\225\356\230\230\213\301\146\016}{section.4}% 12
\BOOKMARK [1][-]{section.5}{\376\377\143\222\122\027\133\235\167\363\225\356\230\230}{}% 13
\BOOKMARK [2][-]{subsection.5.1}{\376\377\230\230\166\356\143\317\217\360}{section.5}% 14
\BOOKMARK [2][-]{subsection.5.2}{\376\377\173\227\154\325\213\276\213\241}{section.5}% 15
\BOOKMARK [2][-]{subsection.5.3}{\376\377\145\160\143\156\217\223\121\145}{section.5}% 16
\BOOKMARK [2][-]{subsection.5.4}{\376\377\145\160\143\156\217\223\121\372}{section.5}% 17
\BOOKMARK [2][-]{subsection.5.5}{\376\377\225\356\230\230\122\006\147\220}{section.5}% 18
\BOOKMARK [2][-]{subsection.5.6}{\376\377\116\343\170\001\143\317\217\360}{section.5}% 19
\BOOKMARK [2][-]{subsection.5.7}{\376\377\150\067\117\213\155\113\213\325}{section.5}% 20
